Determining if the pthread_create exist failed with the following output:
Change Dir: /home/husong/kitti/labeltrans/rangeimg/build/CMakeFiles/CMakeTmp

Run Build Command:"/usr/bin/make" "cmTC_acc98/fast"
/usr/bin/make -f CMakeFiles/cmTC_acc98.dir/build.make CMakeFiles/cmTC_acc98.dir/build
make[1]: Entering directory '/home/husong/kitti/labeltrans/rangeimg/build/CMakeFiles/CMakeTmp'
Building C object CMakeFiles/cmTC_acc98.dir/CheckSymbolExists.c.o
/usr/bin/cc     -o CMakeFiles/cmTC_acc98.dir/CheckSymbolExists.c.o   -c /home/husong/kitti/labeltrans/rangeimg/build/CMakeFiles/CMakeTmp/CheckSymbolExists.c
Linking C executable cmTC_acc98
/usr/bin/cmake -E cmake_link_script CMakeFiles/cmTC_acc98.dir/link.txt --verbose=1
/usr/bin/cc       CMakeFiles/cmTC_acc98.dir/CheckSymbolExists.c.o  -o cmTC_acc98 -rdynamic 
CMakeFiles/cmTC_acc98.dir/CheckSymbolExists.c.o: In function `main':
CheckSymbolExists.c:(.text+0x16): undefined reference to `pthread_create'
collect2: error: ld returned 1 exit status
CMakeFiles/cmTC_acc98.dir/build.make:97: recipe for target 'cmTC_acc98' failed
make[1]: *** [cmTC_acc98] Error 1
make[1]: Leaving directory '/home/husong/kitti/labeltrans/rangeimg/build/CMakeFiles/CMakeTmp'
Makefile:126: recipe for target 'cmTC_acc98/fast' failed
make: *** [cmTC_acc98/fast] Error 2

File /home/husong/kitti/labeltrans/rangeimg/build/CMakeFiles/CMakeTmp/CheckSymbolExists.c:
/* */
#include <pthread.h>

int main(int argc, char** argv)
{
  (void)argv;
#ifndef pthread_create
  return ((int*)(&pthread_create))[argc];
#else
  (void)argc;
  return 0;
#endif
}

Determining if the function pthread_create exists in the pthreads failed with the following output:
Change Dir: /home/husong/kitti/labeltrans/rangeimg/build/CMakeFiles/CMakeTmp

Run Build Command:"/usr/bin/make" "cmTC_dedd7/fast"
/usr/bin/make -f CMakeFiles/cmTC_dedd7.dir/build.make CMakeFiles/cmTC_dedd7.dir/build
make[1]: Entering directory '/home/husong/kitti/labeltrans/rangeimg/build/CMakeFiles/CMakeTmp'
Building C object CMakeFiles/cmTC_dedd7.dir/CheckFunctionExists.c.o
/usr/bin/cc    -DCHECK_FUNCTION_EXISTS=pthread_create   -o CMakeFiles/cmTC_dedd7.dir/CheckFunctionExists.c.o   -c /usr/share/cmake-3.5/Modules/CheckFunctionExists.c
Linking C executable cmTC_dedd7
/usr/bin/cmake -E cmake_link_script CMakeFiles/cmTC_dedd7.dir/link.txt --verbose=1
/usr/bin/cc   -DCHECK_FUNCTION_EXISTS=pthread_create    CMakeFiles/cmTC_dedd7.dir/CheckFunctionExists.c.o  -o cmTC_dedd7 -rdynamic -lpthreads 
/usr/bin/ld: cannot find -lpthreads
collect2: error: ld returned 1 exit status
CMakeFiles/cmTC_dedd7.dir/build.make:97: recipe for target 'cmTC_dedd7' failed
make[1]: *** [cmTC_dedd7] Error 1
make[1]: Leaving directory '/home/husong/kitti/labeltrans/rangeimg/build/CMakeFiles/CMakeTmp'
Makefile:126: recipe for target 'cmTC_dedd7/fast' failed
make: *** [cmTC_dedd7/fast] Error 2


